app/build/intermediates/manifest_merge_blame_file/release/manifest-merger-blame-release-report.txt
1<?xml version="1.0" encoding="utf-8"?>
2<manifest xmlns:android="http://schemas.android.com/apk/res/android"
3    package="com.fonoaudiologia.qbip"
4    android:versionCode="1"
5    android:versionName="1.0" >
6
7    <uses-sdk
8        android:minSdkVersion="25"
8-->src\main\AndroidManifest.xml
9        android:targetSdkVersion="30" />
9-->src\main\AndroidManifest.xml
10
11    <application
11-->src\main\AndroidManifest.xml:5:5-52:19
12        android:allowBackup="true"
12-->src\main\AndroidManifest.xml:6:9-35
13        android:appComponentFactory="androidx.core.app.CoreComponentFactory"
13-->[androidx.core:core:1.5.0] AndroidManifest.xml:24:18-86
14        android:extractNativeLibs="false"
15        android:icon="@mipmap/ic_launcher"
15-->src\main\AndroidManifest.xml:7:9-43
16        android:label="@string/app_name"
16-->src\main\AndroidManifest.xml:8:9-41
17        android:roundIcon="@mipmap/ic_launcher_round"
17-->src\main\AndroidManifest.xml:9:9-54
18        android:supportsRtl="true"
18-->src\main\AndroidManifest.xml:10:9-35
19        android:theme="@style/Theme.QBIP" >
19-->src\main\AndroidManifest.xml:11:9-42
20        <activity
20-->src\main\AndroidManifest.xml:12:9-20:20
21            android:name="com.fonoaudiologia.qbip.Main_Activity"
21-->src\main\AndroidManifest.xml:13:13-42
22            android:configChanges="orientation|keyboard|keyboardHidden"
22-->src\main\AndroidManifest.xml:14:13-72
23            android:screenOrientation="landscape" >
23-->src\main\AndroidManifest.xml:15:13-50
24            <intent-filter>
24-->src\main\AndroidManifest.xml:16:13-19:29
25                <action android:name="android.intent.action.MAIN" />
25-->src\main\AndroidManifest.xml:17:17-69
25-->src\main\AndroidManifest.xml:17:25-66
26
27                <category android:name="android.intent.category.LAUNCHER" />
27-->src\main\AndroidManifest.xml:18:17-77
27-->src\main\AndroidManifest.xml:18:27-74
28            </intent-filter>
29        </activity>
30        <activity
30-->src\main\AndroidManifest.xml:22:9-25:62
31            android:name="com.fonoaudiologia.qbip.freq_game"
31-->src\main\AndroidManifest.xml:23:13-38
32            android:configChanges="orientation|keyboard|keyboardHidden"
32-->src\main\AndroidManifest.xml:24:13-72
33            android:screenOrientation="landscape" />
33-->src\main\AndroidManifest.xml:25:13-50
34        <activity
34-->src\main\AndroidManifest.xml:26:9-29:62
35            android:name="com.fonoaudiologia.qbip.dur_game"
35-->src\main\AndroidManifest.xml:27:13-37
36            android:configChanges="orientation|keyboard|keyboardHidden"
36-->src\main\AndroidManifest.xml:28:13-72
37            android:screenOrientation="landscape" />
37-->src\main\AndroidManifest.xml:29:13-50
38        <activity
38-->src\main\AndroidManifest.xml:31:9-34:62
39            android:name="com.fonoaudiologia.qbip.vol_game"
39-->src\main\AndroidManifest.xml:32:13-37
40            android:configChanges="orientation|keyboard|keyboardHidden"
40-->src\main\AndroidManifest.xml:33:13-72
41            android:screenOrientation="landscape" />
41-->src\main\AndroidManifest.xml:34:13-50
42        <activity
42-->src\main\AndroidManifest.xml:36:9-39:62
43            android:name="com.fonoaudiologia.qbip.conf_freq_game"
43-->src\main\AndroidManifest.xml:37:13-43
44            android:configChanges="orientation|keyboard|keyboardHidden"
44-->src\main\AndroidManifest.xml:38:13-72
45            android:screenOrientation="landscape" />
45-->src\main\AndroidManifest.xml:39:13-50
46        <activity
46-->src\main\AndroidManifest.xml:41:9-44:62
47            android:name="com.fonoaudiologia.qbip.conf_dur_game"
47-->src\main\AndroidManifest.xml:42:13-42
48            android:configChanges="orientation|keyboard|keyboardHidden"
48-->src\main\AndroidManifest.xml:43:13-72
49            android:screenOrientation="landscape" />
49-->src\main\AndroidManifest.xml:44:13-50
50        <activity
50-->src\main\AndroidManifest.xml:46:9-49:62
51            android:name="com.fonoaudiologia.qbip.conf_vol_game"
51-->src\main\AndroidManifest.xml:47:13-42
52            android:configChanges="orientation|keyboard|keyboardHidden"
52-->src\main\AndroidManifest.xml:48:13-72
53            android:screenOrientation="landscape" />
53-->src\main\AndroidManifest.xml:49:13-50
54    </application>
55
56</manifest>